<?xml version="1.0" encoding="UTF-8"?>
<!-- Generated by org.testng.reporters.JUnitXMLReporter -->
<testsuite hostname="1-PC" ignored="4" name="testB" tests="4" failures="0" timestamp="21 十一月 2017 06:54:34 GMT" time="0.038" errors="0">
  <testcase name="runSelenium" time="0.005" classname="testng.group.TestMethodGroup"/>
  <testcase name="runSelenium1" time="0.0" classname="testng.group.TestMethodGroup"/>
  <testcase name="fun1" time="0.001" classname="testng.group.TestClassGroup"/>
  <testcase name="fun2" time="0.001" classname="testng.group.TestClassGroup"/>
  <testcase name="groupb" time="0.0" classname="testng.group.TestMethodGroup">
    <ignored/>
  </testcase> <!-- groupb -->
  <testcase name="groupA" time="0.0" classname="testng.group.TestMethodGroup">
    <ignored/>
  </testcase> <!-- groupA -->
  <testcase name="groups" time="0.0" classname="testng.group.TestMethodGroup">
    <ignored/>
  </testcase> <!-- groups -->
  <testcase name="finalFun" time="0.0" classname="testng.group.TestMethodGroup">
    <ignored/>
  </testcase> <!-- finalFun -->
</testsuite> <!-- testB -->
