<?xml version="1.0" encoding="UTF-8"?>
<!-- Generated by org.testng.reporters.JUnitXMLReporter -->
<testsuite hostname="1-PC" ignored="0" name="testA" tests="7" failures="0" timestamp="21 十一月 2017 06:50:21 GMT" time="0.05" errors="0">
  <testcase name="groupA" time="0.007" classname="testng.group.TestMethodGroup"/>
  <testcase name="groupb" time="0.001" classname="testng.group.TestMethodGroup"/>
  <testcase name="runSelenium" time="0.001" classname="testng.group.TestMethodGroup"/>
  <testcase name="runSelenium1" time="0.001" classname="testng.group.TestMethodGroup"/>
  <testcase name="fun1" time="0.001" classname="testng.group.TestClassGroup"/>
  <testcase name="fun2" time="0.001" classname="testng.group.TestClassGroup"/>
  <testcase name="finalFun" time="0.001" classname="testng.group.TestMethodGroup"/>
</testsuite> <!-- testA -->
