<?xml version="1.0" encoding="UTF-8"?>
<!-- Generated by org.testng.reporters.JUnitXMLReporter -->
<testsuite hostname="1-PC" ignored="0" name="testC9" tests="1" failures="0" timestamp="21 十一月 2017 03:48:05 GMT" time="0.036" errors="0">
  <testcase name="@BeforeClass testCase" time="0.007" classname="seleniumChapter9.TestBaidu">
    <failure type="java.lang.NullPointerException">
      <![CDATA[java.lang.NullPointerException
	at seleniumChapter9.TestBaidu.testCase(TestBaidu.java:24)
... Removed 25 stack frames]]>
    </failure>
  </testcase> <!-- @BeforeClass testCase -->
  <testcase name="@AfterClass tearDown" time="0.0" classname="seleniumChapter9.TestBaidu">
    <skipped/>
  </testcase> <!-- @AfterClass tearDown -->
  <testcase name="setUp" time="0.0" classname="seleniumChapter9.TestBaidu">
    <skipped/>
  </testcase> <!-- setUp -->
</testsuite> <!-- testC9 -->
