<?xml version="1.0" encoding="UTF-8"?>
<!-- Generated by org.testng.reporters.JUnitXMLReporter -->
<testsuite hostname="1-PC" ignored="0" name="Default test" tests="24" failures="0" timestamp="22 十一月 2017 12:55:42 GMT" time="0.102" errors="0">
  <testcase name="ASCIIToCharTest" time="0.01" classname="param.CharUtilsTest"/>
  <testcase name="ASCIIToCharTest" time="0.003" classname="param.CharUtilsTest"/>
  <testcase name="ASCIIToCharTest" time="0.004" classname="param.CharUtilsTest"/>
  <testcase name="ASCIIToCharTest" time="0.002" classname="param.CharUtilsTest"/>
  <testcase name="ASCIIToCharTest" time="0.001" classname="param.CharUtilsTest"/>
  <testcase name="ASCIIToCharTest" time="0.001" classname="param.CharUtilsTest"/>
  <testcase name="ASCIIToCharTest" time="0.001" classname="param.CharUtilsTest"/>
  <testcase name="ASCIIToCharTest" time="0.001" classname="param.CharUtilsTest"/>
  <testcase name="ASCIIToCharTest" time="0.0" classname="param.CharUtilsTest"/>
  <testcase name="ASCIIToCharTest" time="0.005" classname="param.CharUtilsTest"/>
  <testcase name="ASCIIToCharTest" time="0.003" classname="param.CharUtilsTest"/>
  <testcase name="ASCIIToCharTest" time="0.001" classname="param.CharUtilsTest"/>
  <testcase name="CharToASCIITest" time="0.002" classname="param.CharUtilsTest"/>
  <testcase name="CharToASCIITest" time="0.001" classname="param.CharUtilsTest"/>
  <testcase name="CharToASCIITest" time="0.001" classname="param.CharUtilsTest"/>
  <testcase name="CharToASCIITest" time="0.001" classname="param.CharUtilsTest"/>
  <testcase name="CharToASCIITest" time="0.001" classname="param.CharUtilsTest"/>
  <testcase name="CharToASCIITest" time="0.001" classname="param.CharUtilsTest"/>
  <testcase name="CharToASCIITest" time="0.0" classname="param.CharUtilsTest"/>
  <testcase name="CharToASCIITest" time="0.001" classname="param.CharUtilsTest"/>
  <testcase name="CharToASCIITest" time="0.001" classname="param.CharUtilsTest"/>
  <testcase name="CharToASCIITest" time="0.001" classname="param.CharUtilsTest"/>
  <testcase name="CharToASCIITest" time="0.002" classname="param.CharUtilsTest"/>
  <testcase name="CharToASCIITest" time="0.001" classname="param.CharUtilsTest"/>
</testsuite> <!-- Default test -->
