<?xml version="1.0" encoding="UTF-8"?>
<testng-results skipped="0" failed="0" ignored="0" total="1" passed="1">
  <reporter-output>
  </reporter-output>
  <suite name="testng-delete" duration-ms="87298" started-at="2017-11-24T09:26:25Z" finished-at="2017-11-24T09:27:52Z">
    <groups>
    </groups>
    <test name="test-delete" duration-ms="87298" started-at="2017-11-24T09:26:25Z" finished-at="2017-11-24T09:27:52Z">
      <class name="Project.TestDelete">
        <test-method status="PASS" signature="setUp()[pri:0, instance:Project.TestDelete@f6c48ac]" name="setUp" is-config="true" duration-ms="2904" started-at="2017-11-24T17:26:25Z" finished-at="2017-11-24T17:26:28Z">
          <reporter-output>
          </reporter-output>
        </test-method> <!-- setUp -->
        <test-method status="PASS" signature="delete(java.lang.String, java.lang.String)[pri:0, instance:Project.TestDelete@f6c48ac]" name="delete" duration-ms="84370" started-at="2017-11-24T17:26:28Z" finished-at="2017-11-24T17:27:52Z">
          <params>
            <param index="0">
              <value>
                <![CDATA[zaichangma]]>
              </value>
            </param>
            <param index="1">
              <value>
                <![CDATA[27japan!!]]>
              </value>
            </param>
          </params>
          <reporter-output>
          </reporter-output>
        </test-method> <!-- delete -->
      </class> <!-- Project.TestDelete -->
    </test> <!-- test-delete -->
  </suite> <!-- testng-delete -->
</testng-results>
