<?xml version="1.0" encoding="UTF-8"?>
<!-- Generated by org.testng.reporters.JUnitXMLReporter -->
<testsuite hostname="MS-20120726QNUH" ignored="1" name="testGroupB" tests="3" failures="0" timestamp="20 十一月 2017 12:53:10 GMT" time="0.029" errors="0">
  <testcase name="f" time="0.004" classname="testng.TestClassGroup"/>
  <testcase name="groupA" time="0.003" classname="testng.TestMethodGroup"/>
  <testcase name="groupb" time="0.003" classname="testng.TestMethodGroup"/>
  <testcase name="run" time="0.0" classname="testng.TestSuite">
    <ignored/>
  </testcase> <!-- run -->
</testsuite> <!-- testGroupB -->
